pass has action 1
solo has action 13
pair has action 12
trio has action 1740
solo_chain_5 has action 8
solo_chain_6 has action 7
solo_chain_7 has action 6
solo_chain_8 has action 5
solo_chain_9 has action 4
solo_chain_10 has action 3
solo_chain_11 has action 2
solo_chain_12 has action 1
pair_chain_2 has action 11
pair_chain_3 has action 10
pair_chain_4 has action 9
pair_chain_5 has action 8
pair_chain_6 has action 7
pair_chain_7 has action 6
pair_chain_8 has action 5
trio_chain_2 has action 13948
trio_chain_3 has action 62340
trio_chain_4 has action 5805
trio_chain_5 has action 80
bomb has action 11
